This is pdfTeX, Version 3.14159265-2.6-1.40.19 (TeX Live 2018) (preloaded format=pdflatex 2019.3.20)  21 MAR 2019 11:53
entering extended mode
 restricted \write18 enabled.
 file:line:error style messages enabled.
 %&-line parsing enabled.
**week1.tex
(./week1.tex
LaTeX2e <2018-04-01> patch level 2
Babel <3.18> and hyphenation patterns for 84 language(s) loaded.
(/usr/local/texlive/2018/texmf-dist/tex/latex/base/article.cls
Document Class: article 2014/09/29 v1.4h Standard LaTeX document class
(/usr/local/texlive/2018/texmf-dist/tex/latex/base/size12.clo
File: size12.clo 2014/09/29 v1.4h Standard LaTeX file (size option)
)
\c@part=\count80
\c@section=\count81
\c@subsection=\count82
\c@subsubsection=\count83
\c@paragraph=\count84
\c@subparagraph=\count85
\c@figure=\count86
\c@table=\count87
\abovecaptionskip=\skip41
\belowcaptionskip=\skip42
\bibindent=\dimen102
)
(/usr/local/texlive/2018/texmf-dist/tex/latex/graphics/graphicx.sty
Package: graphicx 2017/06/01 v1.1a Enhanced LaTeX Graphics (DPC,SPQR)

(/usr/local/texlive/2018/texmf-dist/tex/latex/graphics/keyval.sty
Package: keyval 2014/10/28 v1.15 key=value parser (DPC)
\KV@toks@=\toks14
)
(/usr/local/texlive/2018/texmf-dist/tex/latex/graphics/graphics.sty
Package: graphics 2017/06/25 v1.2c Standard LaTeX Graphics (DPC,SPQR)

(/usr/local/texlive/2018/texmf-dist/tex/latex/graphics/trig.sty
Package: trig 2016/01/03 v1.10 sin cos tan (DPC)
)
(/usr/local/texlive/2018/texmf-dist/tex/latex/graphics-cfg/graphics.cfg
File: graphics.cfg 2016/06/04 v1.11 sample graphics configuration
)
Package graphics Info: Driver file: pdftex.def on input line 99.

(/usr/local/texlive/2018/texmf-dist/tex/latex/graphics-def/pdftex.def
File: pdftex.def 2018/01/08 v1.0l Graphics/color driver for pdftex
))
\Gin@req@height=\dimen103
\Gin@req@width=\dimen104
)
(./week1.aux)
\openout1 = `week1.aux'.

LaTeX Font Info:    Checking defaults for OML/cmm/m/it on input line 4.
LaTeX Font Info:    ... okay on input line 4.
LaTeX Font Info:    Checking defaults for T1/cmr/m/n on input line 4.
LaTeX Font Info:    ... okay on input line 4.
LaTeX Font Info:    Checking defaults for OT1/cmr/m/n on input line 4.
LaTeX Font Info:    ... okay on input line 4.
LaTeX Font Info:    Checking defaults for OMS/cmsy/m/n on input line 4.
LaTeX Font Info:    ... okay on input line 4.
LaTeX Font Info:    Checking defaults for OMX/cmex/m/n on input line 4.
LaTeX Font Info:    ... okay on input line 4.
LaTeX Font Info:    Checking defaults for U/cmr/m/n on input line 4.
LaTeX Font Info:    ... okay on input line 4.

(/usr/local/texlive/2018/texmf-dist/tex/context/base/mkii/supp-pdf.mkii
[Loading MPS to PDF converter (version 2006.09.02).]
\scratchcounter=\count88
\scratchdimen=\dimen105
\scratchbox=\box26
\nofMPsegments=\count89
\nofMParguments=\count90
\everyMPshowfont=\toks15
\MPscratchCnt=\count91
\MPscratchDim=\dimen106
\MPnumerator=\count92
\makeMPintoPDFobject=\count93
\everyMPtoPDFconversion=\toks16
) (/usr/local/texlive/2018/texmf-dist/tex/latex/oberdiek/epstopdf-base.sty
Package: epstopdf-base 2016/05/15 v2.6 Base part for package epstopdf

(/usr/local/texlive/2018/texmf-dist/tex/generic/oberdiek/infwarerr.sty
Package: infwarerr 2016/05/16 v1.4 Providing info/warning/error messages (HO)
)
(/usr/local/texlive/2018/texmf-dist/tex/latex/oberdiek/grfext.sty
Package: grfext 2016/05/16 v1.2 Manage graphics extensions (HO)

(/usr/local/texlive/2018/texmf-dist/tex/generic/oberdiek/kvdefinekeys.sty
Package: kvdefinekeys 2016/05/16 v1.4 Define keys (HO)

(/usr/local/texlive/2018/texmf-dist/tex/generic/oberdiek/ltxcmds.sty
Package: ltxcmds 2016/05/16 v1.23 LaTeX kernel commands for general use (HO)
)))
(/usr/local/texlive/2018/texmf-dist/tex/latex/oberdiek/kvoptions.sty
Package: kvoptions 2016/05/16 v3.12 Key value format for package options (HO)

(/usr/local/texlive/2018/texmf-dist/tex/generic/oberdiek/kvsetkeys.sty
Package: kvsetkeys 2016/05/16 v1.17 Key value parser (HO)

(/usr/local/texlive/2018/texmf-dist/tex/generic/oberdiek/etexcmds.sty
Package: etexcmds 2016/05/16 v1.6 Avoid name clashes with e-TeX commands (HO)

(/usr/local/texlive/2018/texmf-dist/tex/generic/oberdiek/ifluatex.sty
Package: ifluatex 2016/05/16 v1.4 Provides the ifluatex switch (HO)
Package ifluatex Info: LuaTeX not detected.
)
Package etexcmds Info: Could not find \expanded.
(etexcmds)             That can mean that you are not using pdfTeX 1.50 or
(etexcmds)             that some package has redefined \expanded.
(etexcmds)             In the latter case, load this package earlier.
)))
(/usr/local/texlive/2018/texmf-dist/tex/generic/oberdiek/pdftexcmds.sty
Package: pdftexcmds 2018/01/30 v0.27 Utility functions of pdfTeX for LuaTeX (HO
)

(/usr/local/texlive/2018/texmf-dist/tex/generic/oberdiek/ifpdf.sty
Package: ifpdf 2017/03/15 v3.2 Provides the ifpdf switch
)
Package pdftexcmds Info: LuaTeX not detected.
Package pdftexcmds Info: \pdf@primitive is available.
Package pdftexcmds Info: \pdf@ifprimitive is available.
Package pdftexcmds Info: \pdfdraftmode found.
)
Package epstopdf-base Info: Redefining graphics rule for `.eps' on input line 4
38.
Package grfext Info: Graphics extension search list:
(grfext)             [.pdf,.png,.jpg,.mps,.jpeg,.jbig2,.jb2,.PDF,.PNG,.JPG,.JPE
G,.JBIG2,.JB2,.eps]
(grfext)             \AppendGraphicsExtensions on input line 456.

(/usr/local/texlive/2018/texmf-dist/tex/latex/latexconfig/epstopdf-sys.cfg
File: epstopdf-sys.cfg 2010/07/13 v1.3 Configuration of (r)epstopdf for TeX Liv
e
))
<./images/spam.png, id=1, 1487.5575pt x 732.7375pt>
File: ./images/spam.png Graphic file (type png)
<use ./images/spam.png>
Package pdftex.def Info: ./images/spam.png  used on input line 18.
(pdftex.def)             Requested size: 390.0pt x 192.1061pt.

Overfull \hbox (17.62482pt too wide) in paragraph at lines 18--19
[][] 
 []

<./images/photo-search.png, id=3, 1381.16pt x 610.28pt>
File: ./images/photo-search.png Graphic file (type png)
<use ./images/photo-search.png>
Package pdftex.def Info: ./images/photo-search.png  used on input line 22.
(pdftex.def)             Requested size: 390.0pt x 172.3206pt.

Overfull \hbox (17.62482pt too wide) in paragraph at lines 22--23
[][] 
 []

[1

{/usr/local/texlive/2018/texmf-var/fonts/map/pdftex/updmap/pdftex.map} <./image
s/spam.png> <./images/photo-search.png>]
<./images/algo-abstract.png, id=13, 1098.1025pt x 339.2675pt>
File: ./images/algo-abstract.png Graphic file (type png)
<use ./images/algo-abstract.png>
Package pdftex.def Info: ./images/algo-abstract.png  used on input line 38.
(pdftex.def)             Requested size: 390.0pt x 120.48997pt.

Overfull \hbox (17.62482pt too wide) in paragraph at lines 38--39
[][] 
 []

[2 <./images/algo-abstract.png>]
LaTeX Font Info:    External font `cmex10' loaded for size
(Font)              <12> on input line 51.
LaTeX Font Info:    External font `cmex10' loaded for size
(Font)              <8> on input line 51.
LaTeX Font Info:    External font `cmex10' loaded for size
(Font)              <6> on input line 51.
<./images/housing-prices.png, id=18, 863.225pt x 447.6725pt>
File: ./images/housing-prices.png Graphic file (type png)
<use ./images/housing-prices.png>
Package pdftex.def Info: ./images/housing-prices.png  used on input line 63.
(pdftex.def)             Requested size: 390.0pt x 202.24997pt.

Overfull \hbox (17.62482pt too wide) in paragraph at lines 63--64
[][] 
 []

[3 <./images/housing-prices.png>]
<./images/tumour-size.png, id=26, 696.6025pt x 377.41pt>
File: ./images/tumour-size.png Graphic file (type png)
<use ./images/tumour-size.png>
Package pdftex.def Info: ./images/tumour-size.png  used on input line 77.
(pdftex.def)             Requested size: 390.0pt x 211.29633pt.

Overfull \hbox (17.62482pt too wide) in paragraph at lines 77--78
[][] 
 []


Overfull \hbox (2.34177pt too wide) in paragraph at lines 85--86
\OT1/cmr/m/n/12 There is an-other area of Ma-chine Learn-ing, un-su-per-vised l
earn-ing that doesn't
 []

<./images/google-news.png, id=27, 1318.9275pt x 937.5025pt>
File: ./images/google-news.png Graphic file (type png)
<use ./images/google-news.png>
Package pdftex.def Info: ./images/google-news.png  used on input line 89.
(pdftex.def)             Requested size: 390.0pt x 277.20457pt.

Overfull \hbox (17.62482pt too wide) in paragraph at lines 89--90
[][] 
 []

[4 <./images/tumour-size.png>]
<./images/cocktail-party.png, id=32, 800.9925pt x 453.695pt>
File: ./images/cocktail-party.png Graphic file (type png)
<use ./images/cocktail-party.png>
Package pdftex.def Info: ./images/cocktail-party.png  used on input line 95.
(pdftex.def)             Requested size: 390.0pt x 220.90717pt.

Overfull \hbox (17.62482pt too wide) in paragraph at lines 95--96
[][] 
 []

[5 <./images/google-news.png>]
Overfull \hbox (13.93936pt too wide) in paragraph at lines 109--119
 [] 
 []

<./images/height-weight.png, id=37, 793.96625pt x 567.11874pt>
File: ./images/height-weight.png Graphic file (type png)
<use ./images/height-weight.png>
Package pdftex.def Info: ./images/height-weight.png  used on input line 126.
(pdftex.def)             Requested size: 390.0pt x 278.57423pt.

Overfull \hbox (17.62482pt too wide) in paragraph at lines 126--127
[][] 
 []

[6 <./images/cocktail-party.png>] [7 <./images/height-weight.png>]
<./images/the-model.png, id=47, 954.56625pt x 412.54124pt>
File: ./images/the-model.png Graphic file (type png)
<use ./images/the-model.png>
Package pdftex.def Info: ./images/the-model.png  used on input line 183.
(pdftex.def)             Requested size: 390.0pt x 168.54498pt.

Overfull \hbox (17.62482pt too wide) in paragraph at lines 183--184
[][] 
 []

[8]
<./images/regression-model.png, id=52, 510.90875pt x 583.17876pt>
File: ./images/regression-model.png Graphic file (type png)
<use ./images/regression-model.png>
Package pdftex.def Info: ./images/regression-model.png  used on input line 185.

(pdftex.def)             Requested size: 390.0pt x 445.16035pt.

Overfull \hbox (17.62482pt too wide) in paragraph at lines 185--186
[][] 
 []

[9 <./images/the-model.png>] [10 <./images/regression-model.png>]
LaTeX Font Info:    Try loading font information for OMS+cmr on input line 215.


(/usr/local/texlive/2018/texmf-dist/tex/latex/base/omscmr.fd
File: omscmr.fd 2014/09/29 v2.5h Standard LaTeX font definitions
)
LaTeX Font Info:    Font shape `OMS/cmr/m/n' in size <12> not available
(Font)              Font shape `OMS/cmsy/m/n' tried instead on input line 215.
 [11]
<./images/cost-iterations.png, id=66, 765.86125pt x 583.17876pt>
File: ./images/cost-iterations.png Graphic file (type png)
<use ./images/cost-iterations.png>
Package pdftex.def Info: ./images/cost-iterations.png  used on input line 252.
(pdftex.def)             Requested size: 390.0pt x 296.9723pt.

Overfull \hbox (17.62482pt too wide) in paragraph at lines 252--253
[][] 
 []

[12]
<./images/not-working.png, id=71, 467.7475pt x 241.90375pt>
File: ./images/not-working.png Graphic file (type png)
<use ./images/not-working.png>
Package pdftex.def Info: ./images/not-working.png  used on input line 258.
(pdftex.def)             Requested size: 390.0pt x 201.70653pt.

Overfull \hbox (17.62482pt too wide) in paragraph at lines 258--259
[][] 
 []

[13 <./images/cost-iterations.png>] [14 <./images/not-working.png>]
(./week1.aux) ) 
Here is how much of TeX's memory you used:
 1518 strings out of 492649
 22810 string characters out of 6129622
 85305 words of memory out of 5000000
 5394 multiletter control sequences out of 15000+600000
 8241 words of font info for 29 fonts, out of 8000000 for 9000
 1141 hyphenation exceptions out of 8191
 41i,9n,25p,494b,241s stack positions out of 5000i,500n,10000p,200000b,80000s
</usr/local/texlive/2018/texmf-dist/fonts/type1/public/amsfonts/
cm/cmbx12.pfb></usr/local/texlive/2018/texmf-dist/fonts/type1/public/amsfonts/c
m/cmex10.pfb></usr/local/texlive/2018/texmf-dist/fonts/type1/public/amsfonts/cm
/cmmi12.pfb></usr/local/texlive/2018/texmf-dist/fonts/type1/public/amsfonts/cm/
cmmi8.pfb></usr/local/texlive/2018/texmf-dist/fonts/type1/public/amsfonts/cm/cm
r12.pfb></usr/local/texlive/2018/texmf-dist/fonts/type1/public/amsfonts/cm/cmr6
.pfb></usr/local/texlive/2018/texmf-dist/fonts/type1/public/amsfonts/cm/cmr8.pf
b></usr/local/texlive/2018/texmf-dist/fonts/type1/public/amsfonts/cm/cmsy10.pfb
></usr/local/texlive/2018/texmf-dist/fonts/type1/public/amsfonts/cm/cmti12.pfb>

Output written on week1.pdf (14 pages, 1874991 bytes).
PDF statistics:
 111 PDF objects out of 1000 (max. 8388607)
 61 compressed objects within 1 object stream
 0 named destinations out of 1000 (max. 500000)
 61 words of extra memory for PDF output out of 10000 (max. 10000000)

